(0.000) SELECT "board_post"."id", "board_post"."email", "board_post"."created", "board_post"."modified", "board_post"."title", "board_post"."content", "board_post"."price", "board_post"."region", "board_post"."address", "board_post"."size", "board_post"."direction", "board_post"."availability", "board_post"."floor", "board_post"."apart" FROM "board_post" ORDER BY "board_post"."created" ASC; args=(); alias=default
(0.000) SELECT "board_postimage"."id", "board_postimage"."post_id", "board_postimage"."image" FROM "board_postimage" WHERE "board_postimage"."post_id" = 1; args=(1,); alias=default
(0.000) SELECT "board_postimage"."id", "board_postimage"."post_id", "board_postimage"."image" FROM "board_postimage" WHERE "board_postimage"."post_id" = 2; args=(2,); alias=default
(0.000) SELECT "board_postimage"."id", "board_postimage"."post_id", "board_postimage"."image" FROM "board_postimage" WHERE "board_postimage"."post_id" = 3; args=(3,); alias=default
(0.000) SELECT "board_postimage"."id", "board_postimage"."post_id", "board_postimage"."image" FROM "board_postimage" WHERE "board_postimage"."post_id" = 4; args=(4,); alias=default
(0.000) SELECT "board_postimage"."id", "board_postimage"."post_id", "board_postimage"."image" FROM "board_postimage" WHERE "board_postimage"."post_id" = 5; args=(5,); alias=default
(0.000) SELECT "board_postimage"."id", "board_postimage"."post_id", "board_postimage"."image" FROM "board_postimage" WHERE "board_postimage"."post_id" = 6; args=(6,); alias=default
(0.000) SELECT "board_postimage"."id", "board_postimage"."post_id", "board_postimage"."image" FROM "board_postimage" WHERE "board_postimage"."post_id" = 7; args=(7,); alias=default
(0.000) SELECT "board_postimage"."id", "board_postimage"."post_id", "board_postimage"."image" FROM "board_postimage" WHERE "board_postimage"."post_id" = 8; args=(8,); alias=default
(0.000) SELECT "board_postimage"."id", "board_postimage"."post_id", "board_postimage"."image" FROM "board_postimage" WHERE "board_postimage"."post_id" = 9; args=(9,); alias=default
(0.000) SELECT "board_postimage"."id", "board_postimage"."post_id", "board_postimage"."image" FROM "board_postimage" WHERE "board_postimage"."post_id" = 10; args=(10,); alias=default
(0.015) SELECT "board_post"."id", "board_post"."email", "board_post"."created", "board_post"."modified", "board_post"."title", "board_post"."content", "board_post"."price", "board_post"."region", "board_post"."address", "board_post"."size", "board_post"."direction", "board_post"."availability", "board_post"."floor", "board_post"."apart" FROM "board_post" WHERE "board_post"."id" = 1 LIMIT 21; args=(1,); alias=default
(0.000) SELECT "board_postimage"."id", "board_postimage"."post_id", "board_postimage"."image" FROM "board_postimage" WHERE "board_postimage"."post_id" = 1; args=(1,); alias=default
Exception while resolving variable 'name' in template 'unknown'.
Traceback (most recent call last):
  File "C:\Users\minjonyyy\AppData\Local\Programs\Python\Python312\Lib\site-packages\asgiref\sync.py", line 518, in thread_handler
    raise exc_info[1]
  File "C:\Users\minjonyyy\AppData\Local\Programs\Python\Python312\Lib\site-packages\django\core\handlers\exception.py", line 42, in inner
    response = await get_response(request)
               ^^^^^^^^^^^^^^^^^^^^^^^^^^^
  File "C:\Users\minjonyyy\AppData\Local\Programs\Python\Python312\Lib\site-packages\django\core\handlers\base.py", line 235, in _get_response_async
    callback, callback_args, callback_kwargs = self.resolve_request(request)
                                               ^^^^^^^^^^^^^^^^^^^^^^^^^^^^^
  File "C:\Users\minjonyyy\AppData\Local\Programs\Python\Python312\Lib\site-packages\django\core\handlers\base.py", line 313, in resolve_request
    resolver_match = resolver.resolve(request.path_info)
                     ^^^^^^^^^^^^^^^^^^^^^^^^^^^^^^^^^^^
  File "C:\Users\minjonyyy\AppData\Local\Programs\Python\Python312\Lib\site-packages\django\urls\resolvers.py", line 702, in resolve
    raise Resolver404({"tried": tried, "path": new_path})
django.urls.exceptions.Resolver404: {'tried': [[<URLResolver <URLPattern list> (admin:admin) 'admin/'>], [<URLResolver <module 'login_module.urls' from 'C:\\Users\\minjonyyy\\Downloads\\react-django\\smu_backend-main\\login_module\\urls.py'> (None:None) ''>, <URLPattern 'oauth/' [name='kakaoCallback']>], [<URLResolver <module 'login_module.urls' from 'C:\\Users\\minjonyyy\\Downloads\\react-django\\smu_backend-main\\login_module\\urls.py'> (None:None) ''>, <URLPattern 'signup/'>], [<URLResolver <module 'login_module.urls' from 'C:\\Users\\minjonyyy\\Downloads\\react-django\\smu_backend-main\\login_module\\urls.py'> (None:None) ''>, <URLPattern 'jwt-token-auth/refresh/' [name='token_refresh']>], [<URLResolver <module 'login_module.urls' from 'C:\\Users\\minjonyyy\\Downloads\\react-django\\smu_backend-main\\login_module\\urls.py'> (None:None) ''>, <URLPattern 'jwt-token-auth/verify/' [name='token_verify']>], [<URLResolver <module 'login_module.urls' from 'C:\\Users\\minjonyyy\\Downloads\\react-django\\smu_backend-main\\login_module\\urls.py'> (None:None) ''>, <URLPattern 'swagger/' [name='schema-swagger-ui']>], [<URLResolver <module 'login_module.urls' from 'C:\\Users\\minjonyyy\\Downloads\\react-django\\smu_backend-main\\login_module\\urls.py'> (None:None) ''>, <URLPattern 'redoc/' [name='schema-redoc']>], [<URLResolver <module 'login_module.urls' from 'C:\\Users\\minjonyyy\\Downloads\\react-django\\smu_backend-main\\login_module\\urls.py'> (None:None) ''>, <URLPattern 'swagger.json/' [name='schema-json']>], [<URLResolver <module 'board.urls' from 'C:\\Users\\minjonyyy\\Downloads\\react-django\\smu_backend-main\\board\\urls.py'> (None:None) ''>, <URLPattern 'post/'>], [<URLResolver <module 'board.urls' from 'C:\\Users\\minjonyyy\\Downloads\\react-django\\smu_backend-main\\board\\urls.py'> (None:None) ''>, <URLPattern 'post/<int:pk>/'>], [<URLResolver <module 'board.urls' from 'C:\\Users\\minjonyyy\\Downloads\\react-django\\smu_backend-main\\board\\urls.py'> (None:None) ''>, <URLPattern '^media/(?P<path>.*)$'>], [<URLResolver <module 'chat.urls' from 'C:\\Users\\minjonyyy\\Downloads\\react-django\\smu_backend-main\\chat\\urls.py'> (None:None) 'chat/'>, <URLPattern 'chat/send/<str:username>/' [name='send_message']>], [<URLResolver <module 'chat.urls' from 'C:\\Users\\minjonyyy\\Downloads\\react-django\\smu_backend-main\\chat\\urls.py'> (None:None) 'chat/'>, <URLPattern 'chat/create/<str:username>/' [name='create_chat_room']>], [<URLResolver <module 'chat.urls' from 'C:\\Users\\minjonyyy\\Downloads\\react-django\\smu_backend-main\\chat\\urls.py'> (None:None) 'chat/'>, <URLPattern 'chat/<int:room_id>/' [name='chat_room']>], [<URLResolver <module 'chat.urls' from 'C:\\Users\\minjonyyy\\Downloads\\react-django\\smu_backend-main\\chat\\urls.py'> (None:None) 'chat/'>, <URLPattern 'chat/messages/<int:room_id>/' [name='chat_messages']>]], 'path': 'chat/send/wjdwls7883/'}

During handling of the above exception, another exception occurred:

Traceback (most recent call last):
  File "C:\Users\minjonyyy\AppData\Local\Programs\Python\Python312\Lib\site-packages\django\template\base.py", line 880, in _resolve_lookup
    current = current[bit]
              ~~~~~~~^^^^^
TypeError: 'URLResolver' object is not subscriptable

During handling of the above exception, another exception occurred:

Traceback (most recent call last):
  File "C:\Users\minjonyyy\AppData\Local\Programs\Python\Python312\Lib\site-packages\django\template\base.py", line 890, in _resolve_lookup
    current = getattr(current, bit)
              ^^^^^^^^^^^^^^^^^^^^^
AttributeError: 'URLResolver' object has no attribute 'name'

During handling of the above exception, another exception occurred:

Traceback (most recent call last):
  File "C:\Users\minjonyyy\AppData\Local\Programs\Python\Python312\Lib\site-packages\django\template\base.py", line 896, in _resolve_lookup
    current = current[int(bit)]
                      ^^^^^^^^
ValueError: invalid literal for int() with base 10: 'name'

During handling of the above exception, another exception occurred:

Traceback (most recent call last):
  File "C:\Users\minjonyyy\AppData\Local\Programs\Python\Python312\Lib\site-packages\django\template\base.py", line 903, in _resolve_lookup
    raise VariableDoesNotExist(
django.template.base.VariableDoesNotExist: Failed lookup for key [name] in <URLResolver <URLPattern list> (admin:admin) 'admin/'>
Not Found: /chat/send/wjdwls7883/
(0.016) SELECT "board_post"."id", "board_post"."email", "board_post"."created", "board_post"."modified", "board_post"."title", "board_post"."content", "board_post"."price", "board_post"."region", "board_post"."address", "board_post"."size", "board_post"."direction", "board_post"."availability", "board_post"."floor", "board_post"."apart" FROM "board_post" ORDER BY "board_post"."created" ASC; args=(); alias=default
(0.000) SELECT "board_postimage"."id", "board_postimage"."post_id", "board_postimage"."image" FROM "board_postimage" WHERE "board_postimage"."post_id" = 1; args=(1,); alias=default
(0.000) SELECT "board_postimage"."id", "board_postimage"."post_id", "board_postimage"."image" FROM "board_postimage" WHERE "board_postimage"."post_id" = 2; args=(2,); alias=default
(0.000) SELECT "board_postimage"."id", "board_postimage"."post_id", "board_postimage"."image" FROM "board_postimage" WHERE "board_postimage"."post_id" = 3; args=(3,); alias=default
(0.000) SELECT "board_postimage"."id", "board_postimage"."post_id", "board_postimage"."image" FROM "board_postimage" WHERE "board_postimage"."post_id" = 4; args=(4,); alias=default
(0.000) SELECT "board_postimage"."id", "board_postimage"."post_id", "board_postimage"."image" FROM "board_postimage" WHERE "board_postimage"."post_id" = 5; args=(5,); alias=default
(0.000) SELECT "board_postimage"."id", "board_postimage"."post_id", "board_postimage"."image" FROM "board_postimage" WHERE "board_postimage"."post_id" = 6; args=(6,); alias=default
(0.000) SELECT "board_postimage"."id", "board_postimage"."post_id", "board_postimage"."image" FROM "board_postimage" WHERE "board_postimage"."post_id" = 7; args=(7,); alias=default
(0.000) SELECT "board_postimage"."id", "board_postimage"."post_id", "board_postimage"."image" FROM "board_postimage" WHERE "board_postimage"."post_id" = 8; args=(8,); alias=default
(0.000) SELECT "board_postimage"."id", "board_postimage"."post_id", "board_postimage"."image" FROM "board_postimage" WHERE "board_postimage"."post_id" = 9; args=(9,); alias=default
(0.000) SELECT "board_postimage"."id", "board_postimage"."post_id", "board_postimage"."image" FROM "board_postimage" WHERE "board_postimage"."post_id" = 10; args=(10,); alias=default
(0.016) SELECT "board_post"."id", "board_post"."email", "board_post"."created", "board_post"."modified", "board_post"."title", "board_post"."content", "board_post"."price", "board_post"."region", "board_post"."address", "board_post"."size", "board_post"."direction", "board_post"."availability", "board_post"."floor", "board_post"."apart" FROM "board_post" WHERE "board_post"."id" = 1 LIMIT 21; args=(1,); alias=default
(0.000) SELECT "board_postimage"."id", "board_postimage"."post_id", "board_postimage"."image" FROM "board_postimage" WHERE "board_postimage"."post_id" = 1; args=(1,); alias=default
Exception while resolving variable 'name' in template 'unknown'.
Traceback (most recent call last):
  File "C:\Users\minjonyyy\AppData\Local\Programs\Python\Python312\Lib\site-packages\asgiref\sync.py", line 518, in thread_handler
    raise exc_info[1]
  File "C:\Users\minjonyyy\AppData\Local\Programs\Python\Python312\Lib\site-packages\django\core\handlers\exception.py", line 42, in inner
    response = await get_response(request)
               ^^^^^^^^^^^^^^^^^^^^^^^^^^^
  File "C:\Users\minjonyyy\AppData\Local\Programs\Python\Python312\Lib\site-packages\django\core\handlers\base.py", line 235, in _get_response_async
    callback, callback_args, callback_kwargs = self.resolve_request(request)
                                               ^^^^^^^^^^^^^^^^^^^^^^^^^^^^^
  File "C:\Users\minjonyyy\AppData\Local\Programs\Python\Python312\Lib\site-packages\django\core\handlers\base.py", line 313, in resolve_request
    resolver_match = resolver.resolve(request.path_info)
                     ^^^^^^^^^^^^^^^^^^^^^^^^^^^^^^^^^^^
  File "C:\Users\minjonyyy\AppData\Local\Programs\Python\Python312\Lib\site-packages\django\urls\resolvers.py", line 702, in resolve
    raise Resolver404({"tried": tried, "path": new_path})
django.urls.exceptions.Resolver404: {'tried': [[<URLResolver <URLPattern list> (admin:admin) 'admin/'>], [<URLResolver <module 'login_module.urls' from 'C:\\Users\\minjonyyy\\Downloads\\react-django\\smu_backend-main\\login_module\\urls.py'> (None:None) ''>, <URLPattern 'oauth/' [name='kakaoCallback']>], [<URLResolver <module 'login_module.urls' from 'C:\\Users\\minjonyyy\\Downloads\\react-django\\smu_backend-main\\login_module\\urls.py'> (None:None) ''>, <URLPattern 'signup/'>], [<URLResolver <module 'login_module.urls' from 'C:\\Users\\minjonyyy\\Downloads\\react-django\\smu_backend-main\\login_module\\urls.py'> (None:None) ''>, <URLPattern 'jwt-token-auth/refresh/' [name='token_refresh']>], [<URLResolver <module 'login_module.urls' from 'C:\\Users\\minjonyyy\\Downloads\\react-django\\smu_backend-main\\login_module\\urls.py'> (None:None) ''>, <URLPattern 'jwt-token-auth/verify/' [name='token_verify']>], [<URLResolver <module 'login_module.urls' from 'C:\\Users\\minjonyyy\\Downloads\\react-django\\smu_backend-main\\login_module\\urls.py'> (None:None) ''>, <URLPattern 'swagger/' [name='schema-swagger-ui']>], [<URLResolver <module 'login_module.urls' from 'C:\\Users\\minjonyyy\\Downloads\\react-django\\smu_backend-main\\login_module\\urls.py'> (None:None) ''>, <URLPattern 'redoc/' [name='schema-redoc']>], [<URLResolver <module 'login_module.urls' from 'C:\\Users\\minjonyyy\\Downloads\\react-django\\smu_backend-main\\login_module\\urls.py'> (None:None) ''>, <URLPattern 'swagger.json/' [name='schema-json']>], [<URLResolver <module 'board.urls' from 'C:\\Users\\minjonyyy\\Downloads\\react-django\\smu_backend-main\\board\\urls.py'> (None:None) ''>, <URLPattern 'post/'>], [<URLResolver <module 'board.urls' from 'C:\\Users\\minjonyyy\\Downloads\\react-django\\smu_backend-main\\board\\urls.py'> (None:None) ''>, <URLPattern 'post/<int:pk>/'>], [<URLResolver <module 'board.urls' from 'C:\\Users\\minjonyyy\\Downloads\\react-django\\smu_backend-main\\board\\urls.py'> (None:None) ''>, <URLPattern '^media/(?P<path>.*)$'>], [<URLResolver <module 'chat.urls' from 'C:\\Users\\minjonyyy\\Downloads\\react-django\\smu_backend-main\\chat\\urls.py'> (None:None) 'chat/'>, <URLPattern 'chat/send/<str:username>/' [name='send_message']>], [<URLResolver <module 'chat.urls' from 'C:\\Users\\minjonyyy\\Downloads\\react-django\\smu_backend-main\\chat\\urls.py'> (None:None) 'chat/'>, <URLPattern 'chat/create/<str:username>/' [name='create_chat_room']>], [<URLResolver <module 'chat.urls' from 'C:\\Users\\minjonyyy\\Downloads\\react-django\\smu_backend-main\\chat\\urls.py'> (None:None) 'chat/'>, <URLPattern 'chat/<int:room_id>/' [name='chat_room']>], [<URLResolver <module 'chat.urls' from 'C:\\Users\\minjonyyy\\Downloads\\react-django\\smu_backend-main\\chat\\urls.py'> (None:None) 'chat/'>, <URLPattern 'chat/messages/<int:room_id>/' [name='chat_messages']>]], 'path': 'chat/send/wjdwls7883/'}

During handling of the above exception, another exception occurred:

Traceback (most recent call last):
  File "C:\Users\minjonyyy\AppData\Local\Programs\Python\Python312\Lib\site-packages\django\template\base.py", line 880, in _resolve_lookup
    current = current[bit]
              ~~~~~~~^^^^^
TypeError: 'URLResolver' object is not subscriptable

During handling of the above exception, another exception occurred:

Traceback (most recent call last):
  File "C:\Users\minjonyyy\AppData\Local\Programs\Python\Python312\Lib\site-packages\django\template\base.py", line 890, in _resolve_lookup
    current = getattr(current, bit)
              ^^^^^^^^^^^^^^^^^^^^^
AttributeError: 'URLResolver' object has no attribute 'name'

During handling of the above exception, another exception occurred:

Traceback (most recent call last):
  File "C:\Users\minjonyyy\AppData\Local\Programs\Python\Python312\Lib\site-packages\django\template\base.py", line 896, in _resolve_lookup
    current = current[int(bit)]
                      ^^^^^^^^
ValueError: invalid literal for int() with base 10: 'name'

During handling of the above exception, another exception occurred:

Traceback (most recent call last):
  File "C:\Users\minjonyyy\AppData\Local\Programs\Python\Python312\Lib\site-packages\django\template\base.py", line 903, in _resolve_lookup
    raise VariableDoesNotExist(
django.template.base.VariableDoesNotExist: Failed lookup for key [name] in <URLResolver <URLPattern list> (admin:admin) 'admin/'>
Not Found: /chat/send/wjdwls7883/
(0.000) SELECT "board_post"."id", "board_post"."email", "board_post"."created", "board_post"."modified", "board_post"."title", "board_post"."content", "board_post"."price", "board_post"."region", "board_post"."address", "board_post"."size", "board_post"."direction", "board_post"."availability", "board_post"."floor", "board_post"."apart" FROM "board_post" ORDER BY "board_post"."created" ASC; args=(); alias=default
(0.000) SELECT "board_postimage"."id", "board_postimage"."post_id", "board_postimage"."image" FROM "board_postimage" WHERE "board_postimage"."post_id" = 1; args=(1,); alias=default
(0.000) SELECT "board_postimage"."id", "board_postimage"."post_id", "board_postimage"."image" FROM "board_postimage" WHERE "board_postimage"."post_id" = 2; args=(2,); alias=default
(0.000) SELECT "board_postimage"."id", "board_postimage"."post_id", "board_postimage"."image" FROM "board_postimage" WHERE "board_postimage"."post_id" = 3; args=(3,); alias=default
(0.000) SELECT "board_postimage"."id", "board_postimage"."post_id", "board_postimage"."image" FROM "board_postimage" WHERE "board_postimage"."post_id" = 4; args=(4,); alias=default
(0.000) SELECT "board_postimage"."id", "board_postimage"."post_id", "board_postimage"."image" FROM "board_postimage" WHERE "board_postimage"."post_id" = 5; args=(5,); alias=default
(0.000) SELECT "board_postimage"."id", "board_postimage"."post_id", "board_postimage"."image" FROM "board_postimage" WHERE "board_postimage"."post_id" = 6; args=(6,); alias=default
(0.000) SELECT "board_postimage"."id", "board_postimage"."post_id", "board_postimage"."image" FROM "board_postimage" WHERE "board_postimage"."post_id" = 7; args=(7,); alias=default
(0.000) SELECT "board_postimage"."id", "board_postimage"."post_id", "board_postimage"."image" FROM "board_postimage" WHERE "board_postimage"."post_id" = 8; args=(8,); alias=default
(0.000) SELECT "board_postimage"."id", "board_postimage"."post_id", "board_postimage"."image" FROM "board_postimage" WHERE "board_postimage"."post_id" = 9; args=(9,); alias=default
(0.000) SELECT "board_postimage"."id", "board_postimage"."post_id", "board_postimage"."image" FROM "board_postimage" WHERE "board_postimage"."post_id" = 10; args=(10,); alias=default
(0.000) SELECT "board_post"."id", "board_post"."email", "board_post"."created", "board_post"."modified", "board_post"."title", "board_post"."content", "board_post"."price", "board_post"."region", "board_post"."address", "board_post"."size", "board_post"."direction", "board_post"."availability", "board_post"."floor", "board_post"."apart" FROM "board_post" WHERE "board_post"."id" = 1 LIMIT 21; args=(1,); alias=default
(0.000) SELECT "board_postimage"."id", "board_postimage"."post_id", "board_postimage"."image" FROM "board_postimage" WHERE "board_postimage"."post_id" = 1; args=(1,); alias=default
(0.000) SELECT "login_module_user"."id", "login_module_user"."password", "login_module_user"."last_login", "login_module_user"."is_superuser", "login_module_user"."first_name", "login_module_user"."last_name", "login_module_user"."date_joined", "login_module_user"."name", "login_module_user"."email", "login_module_user"."phone", "login_module_user"."birthyear", "login_module_user"."birthday", "login_module_user"."gender", "login_module_user"."created", "login_module_user"."updated_at", "login_module_user"."is_active", "login_module_user"."is_admin" FROM "login_module_user" WHERE "login_module_user"."id" = 2 LIMIT 21; args=(2,); alias=default
(0.015) SELECT "login_module_user"."id", "login_module_user"."password", "login_module_user"."last_login", "login_module_user"."is_superuser", "login_module_user"."first_name", "login_module_user"."last_name", "login_module_user"."date_joined", "login_module_user"."name", "login_module_user"."email", "login_module_user"."phone", "login_module_user"."birthyear", "login_module_user"."birthday", "login_module_user"."gender", "login_module_user"."created", "login_module_user"."updated_at", "login_module_user"."is_active", "login_module_user"."is_admin" FROM "login_module_user" WHERE "login_module_user"."email" LIKE 'wjdwls7883%' ESCAPE '\' LIMIT 21; args=('wjdwls7883%',); alias=default
(0.000) SELECT DISTINCT "chat_chatroom"."id" FROM "chat_chatroom" INNER JOIN "chat_chatroom_participants" ON ("chat_chatroom"."id" = "chat_chatroom_participants"."chatroom_id") WHERE "chat_chatroom_participants"."user_id" IN (1, 2) ORDER BY "chat_chatroom"."id" ASC LIMIT 1; args=(1, 2); alias=default
Not Found: /chat/send/wjdwls7883/
(0.000) SELECT "board_post"."id", "board_post"."email", "board_post"."created", "board_post"."modified", "board_post"."title", "board_post"."content", "board_post"."price", "board_post"."region", "board_post"."address", "board_post"."size", "board_post"."direction", "board_post"."availability", "board_post"."floor", "board_post"."apart" FROM "board_post" ORDER BY "board_post"."created" ASC; args=(); alias=default
(0.000) SELECT "board_postimage"."id", "board_postimage"."post_id", "board_postimage"."image" FROM "board_postimage" WHERE "board_postimage"."post_id" = 1; args=(1,); alias=default
(0.000) SELECT "board_postimage"."id", "board_postimage"."post_id", "board_postimage"."image" FROM "board_postimage" WHERE "board_postimage"."post_id" = 2; args=(2,); alias=default
(0.000) SELECT "board_postimage"."id", "board_postimage"."post_id", "board_postimage"."image" FROM "board_postimage" WHERE "board_postimage"."post_id" = 3; args=(3,); alias=default
(0.000) SELECT "board_postimage"."id", "board_postimage"."post_id", "board_postimage"."image" FROM "board_postimage" WHERE "board_postimage"."post_id" = 4; args=(4,); alias=default
(0.000) SELECT "board_postimage"."id", "board_postimage"."post_id", "board_postimage"."image" FROM "board_postimage" WHERE "board_postimage"."post_id" = 5; args=(5,); alias=default
(0.000) SELECT "board_postimage"."id", "board_postimage"."post_id", "board_postimage"."image" FROM "board_postimage" WHERE "board_postimage"."post_id" = 6; args=(6,); alias=default
(0.000) SELECT "board_postimage"."id", "board_postimage"."post_id", "board_postimage"."image" FROM "board_postimage" WHERE "board_postimage"."post_id" = 7; args=(7,); alias=default
(0.000) SELECT "board_postimage"."id", "board_postimage"."post_id", "board_postimage"."image" FROM "board_postimage" WHERE "board_postimage"."post_id" = 8; args=(8,); alias=default
(0.000) SELECT "board_postimage"."id", "board_postimage"."post_id", "board_postimage"."image" FROM "board_postimage" WHERE "board_postimage"."post_id" = 9; args=(9,); alias=default
(0.000) SELECT "board_postimage"."id", "board_postimage"."post_id", "board_postimage"."image" FROM "board_postimage" WHERE "board_postimage"."post_id" = 10; args=(10,); alias=default
(0.000) SELECT "board_post"."id", "board_post"."email", "board_post"."created", "board_post"."modified", "board_post"."title", "board_post"."content", "board_post"."price", "board_post"."region", "board_post"."address", "board_post"."size", "board_post"."direction", "board_post"."availability", "board_post"."floor", "board_post"."apart" FROM "board_post" WHERE "board_post"."id" = 1 LIMIT 21; args=(1,); alias=default
(0.000) SELECT "board_postimage"."id", "board_postimage"."post_id", "board_postimage"."image" FROM "board_postimage" WHERE "board_postimage"."post_id" = 1; args=(1,); alias=default
(0.000) SELECT "login_module_user"."id", "login_module_user"."password", "login_module_user"."last_login", "login_module_user"."is_superuser", "login_module_user"."first_name", "login_module_user"."last_name", "login_module_user"."date_joined", "login_module_user"."name", "login_module_user"."email", "login_module_user"."phone", "login_module_user"."birthyear", "login_module_user"."birthday", "login_module_user"."gender", "login_module_user"."created", "login_module_user"."updated_at", "login_module_user"."is_active", "login_module_user"."is_admin" FROM "login_module_user" WHERE "login_module_user"."id" = 2 LIMIT 21; args=(2,); alias=default
(0.000) SELECT "login_module_user"."id", "login_module_user"."password", "login_module_user"."last_login", "login_module_user"."is_superuser", "login_module_user"."first_name", "login_module_user"."last_name", "login_module_user"."date_joined", "login_module_user"."name", "login_module_user"."email", "login_module_user"."phone", "login_module_user"."birthyear", "login_module_user"."birthday", "login_module_user"."gender", "login_module_user"."created", "login_module_user"."updated_at", "login_module_user"."is_active", "login_module_user"."is_admin" FROM "login_module_user" WHERE "login_module_user"."email" LIKE 'wjdwls7883%' ESCAPE '\' LIMIT 21; args=('wjdwls7883%',); alias=default
(0.000) SELECT DISTINCT "chat_chatroom"."id" FROM "chat_chatroom" INNER JOIN "chat_chatroom_participants" ON ("chat_chatroom"."id" = "chat_chatroom_participants"."chatroom_id") INNER JOIN "chat_chatroom_participants" T4 ON ("chat_chatroom"."id" = T4."chatroom_id") WHERE ("chat_chatroom_participants"."user_id" = 2 AND T4."user_id" = 1) ORDER BY "chat_chatroom"."id" ASC LIMIT 1; args=(2, 1); alias=default
Not Found: /chat/send/wjdwls7883/
(0.000) SELECT "board_post"."id", "board_post"."email", "board_post"."created", "board_post"."modified", "board_post"."title", "board_post"."content", "board_post"."price", "board_post"."region", "board_post"."address", "board_post"."size", "board_post"."direction", "board_post"."availability", "board_post"."floor", "board_post"."apart" FROM "board_post" ORDER BY "board_post"."created" ASC; args=(); alias=default
(0.000) SELECT "board_postimage"."id", "board_postimage"."post_id", "board_postimage"."image" FROM "board_postimage" WHERE "board_postimage"."post_id" = 1; args=(1,); alias=default
(0.000) SELECT "board_postimage"."id", "board_postimage"."post_id", "board_postimage"."image" FROM "board_postimage" WHERE "board_postimage"."post_id" = 2; args=(2,); alias=default
(0.000) SELECT "board_postimage"."id", "board_postimage"."post_id", "board_postimage"."image" FROM "board_postimage" WHERE "board_postimage"."post_id" = 3; args=(3,); alias=default
(0.000) SELECT "board_postimage"."id", "board_postimage"."post_id", "board_postimage"."image" FROM "board_postimage" WHERE "board_postimage"."post_id" = 4; args=(4,); alias=default
(0.000) SELECT "board_postimage"."id", "board_postimage"."post_id", "board_postimage"."image" FROM "board_postimage" WHERE "board_postimage"."post_id" = 5; args=(5,); alias=default
(0.000) SELECT "board_postimage"."id", "board_postimage"."post_id", "board_postimage"."image" FROM "board_postimage" WHERE "board_postimage"."post_id" = 6; args=(6,); alias=default
(0.000) SELECT "board_postimage"."id", "board_postimage"."post_id", "board_postimage"."image" FROM "board_postimage" WHERE "board_postimage"."post_id" = 7; args=(7,); alias=default
(0.000) SELECT "board_postimage"."id", "board_postimage"."post_id", "board_postimage"."image" FROM "board_postimage" WHERE "board_postimage"."post_id" = 8; args=(8,); alias=default
(0.000) SELECT "board_postimage"."id", "board_postimage"."post_id", "board_postimage"."image" FROM "board_postimage" WHERE "board_postimage"."post_id" = 9; args=(9,); alias=default
(0.000) SELECT "board_postimage"."id", "board_postimage"."post_id", "board_postimage"."image" FROM "board_postimage" WHERE "board_postimage"."post_id" = 10; args=(10,); alias=default
(0.000) SELECT "board_post"."id", "board_post"."email", "board_post"."created", "board_post"."modified", "board_post"."title", "board_post"."content", "board_post"."price", "board_post"."region", "board_post"."address", "board_post"."size", "board_post"."direction", "board_post"."availability", "board_post"."floor", "board_post"."apart" FROM "board_post" WHERE "board_post"."id" = 1 LIMIT 21; args=(1,); alias=default
(0.000) SELECT "board_postimage"."id", "board_postimage"."post_id", "board_postimage"."image" FROM "board_postimage" WHERE "board_postimage"."post_id" = 1; args=(1,); alias=default
(0.000) SELECT "login_module_user"."id", "login_module_user"."password", "login_module_user"."last_login", "login_module_user"."is_superuser", "login_module_user"."first_name", "login_module_user"."last_name", "login_module_user"."date_joined", "login_module_user"."name", "login_module_user"."email", "login_module_user"."phone", "login_module_user"."birthyear", "login_module_user"."birthday", "login_module_user"."gender", "login_module_user"."created", "login_module_user"."updated_at", "login_module_user"."is_active", "login_module_user"."is_admin" FROM "login_module_user" WHERE "login_module_user"."id" = 2 LIMIT 21; args=(2,); alias=default
(0.000) SELECT "login_module_user"."id", "login_module_user"."password", "login_module_user"."last_login", "login_module_user"."is_superuser", "login_module_user"."first_name", "login_module_user"."last_name", "login_module_user"."date_joined", "login_module_user"."name", "login_module_user"."email", "login_module_user"."phone", "login_module_user"."birthyear", "login_module_user"."birthday", "login_module_user"."gender", "login_module_user"."created", "login_module_user"."updated_at", "login_module_user"."is_active", "login_module_user"."is_admin" FROM "login_module_user" WHERE "login_module_user"."email" LIKE 'wjdwls7883%' ESCAPE '\' LIMIT 21; args=('wjdwls7883%',); alias=default
(0.000) SELECT DISTINCT "chat_chatroom"."id" FROM "chat_chatroom" INNER JOIN "chat_chatroom_participants" ON ("chat_chatroom"."id" = "chat_chatroom_participants"."chatroom_id") INNER JOIN "chat_chatroom_participants" T4 ON ("chat_chatroom"."id" = T4."chatroom_id") WHERE ("chat_chatroom_participants"."user_id" = 2 AND T4."user_id" = 1) ORDER BY "chat_chatroom"."id" ASC LIMIT 1; args=(2, 1); alias=default
Not Found: /chat/send/wjdwls7883/
(0.000) SELECT "board_post"."id", "board_post"."email", "board_post"."created", "board_post"."modified", "board_post"."title", "board_post"."content", "board_post"."price", "board_post"."region", "board_post"."address", "board_post"."size", "board_post"."direction", "board_post"."availability", "board_post"."floor", "board_post"."apart" FROM "board_post" ORDER BY "board_post"."created" ASC; args=(); alias=default
(0.000) SELECT "board_postimage"."id", "board_postimage"."post_id", "board_postimage"."image" FROM "board_postimage" WHERE "board_postimage"."post_id" = 1; args=(1,); alias=default
(0.000) SELECT "board_postimage"."id", "board_postimage"."post_id", "board_postimage"."image" FROM "board_postimage" WHERE "board_postimage"."post_id" = 2; args=(2,); alias=default
(0.000) SELECT "board_postimage"."id", "board_postimage"."post_id", "board_postimage"."image" FROM "board_postimage" WHERE "board_postimage"."post_id" = 3; args=(3,); alias=default
(0.000) SELECT "board_postimage"."id", "board_postimage"."post_id", "board_postimage"."image" FROM "board_postimage" WHERE "board_postimage"."post_id" = 4; args=(4,); alias=default
(0.000) SELECT "board_postimage"."id", "board_postimage"."post_id", "board_postimage"."image" FROM "board_postimage" WHERE "board_postimage"."post_id" = 5; args=(5,); alias=default
(0.000) SELECT "board_postimage"."id", "board_postimage"."post_id", "board_postimage"."image" FROM "board_postimage" WHERE "board_postimage"."post_id" = 6; args=(6,); alias=default
(0.000) SELECT "board_postimage"."id", "board_postimage"."post_id", "board_postimage"."image" FROM "board_postimage" WHERE "board_postimage"."post_id" = 7; args=(7,); alias=default
(0.000) SELECT "board_postimage"."id", "board_postimage"."post_id", "board_postimage"."image" FROM "board_postimage" WHERE "board_postimage"."post_id" = 8; args=(8,); alias=default
(0.000) SELECT "board_postimage"."id", "board_postimage"."post_id", "board_postimage"."image" FROM "board_postimage" WHERE "board_postimage"."post_id" = 9; args=(9,); alias=default
(0.000) SELECT "board_postimage"."id", "board_postimage"."post_id", "board_postimage"."image" FROM "board_postimage" WHERE "board_postimage"."post_id" = 10; args=(10,); alias=default
(0.000) SELECT "board_post"."id", "board_post"."email", "board_post"."created", "board_post"."modified", "board_post"."title", "board_post"."content", "board_post"."price", "board_post"."region", "board_post"."address", "board_post"."size", "board_post"."direction", "board_post"."availability", "board_post"."floor", "board_post"."apart" FROM "board_post" WHERE "board_post"."id" = 1 LIMIT 21; args=(1,); alias=default
(0.000) SELECT "board_postimage"."id", "board_postimage"."post_id", "board_postimage"."image" FROM "board_postimage" WHERE "board_postimage"."post_id" = 1; args=(1,); alias=default
(0.016) SELECT "login_module_user"."id", "login_module_user"."password", "login_module_user"."last_login", "login_module_user"."is_superuser", "login_module_user"."first_name", "login_module_user"."last_name", "login_module_user"."date_joined", "login_module_user"."name", "login_module_user"."email", "login_module_user"."phone", "login_module_user"."birthyear", "login_module_user"."birthday", "login_module_user"."gender", "login_module_user"."created", "login_module_user"."updated_at", "login_module_user"."is_active", "login_module_user"."is_admin" FROM "login_module_user" WHERE "login_module_user"."id" = 2 LIMIT 21; args=(2,); alias=default
(0.000) SELECT "login_module_user"."id", "login_module_user"."password", "login_module_user"."last_login", "login_module_user"."is_superuser", "login_module_user"."first_name", "login_module_user"."last_name", "login_module_user"."date_joined", "login_module_user"."name", "login_module_user"."email", "login_module_user"."phone", "login_module_user"."birthyear", "login_module_user"."birthday", "login_module_user"."gender", "login_module_user"."created", "login_module_user"."updated_at", "login_module_user"."is_active", "login_module_user"."is_admin" FROM "login_module_user" WHERE "login_module_user"."email" LIKE 'wjdwls7883%' ESCAPE '\' LIMIT 21; args=('wjdwls7883%',); alias=default
(0.000) SELECT DISTINCT "chat_chatroom"."id" FROM "chat_chatroom" INNER JOIN "chat_chatroom_participants" ON ("chat_chatroom"."id" = "chat_chatroom_participants"."chatroom_id") INNER JOIN "chat_chatroom_participants" T4 ON ("chat_chatroom"."id" = T4."chatroom_id") WHERE ("chat_chatroom_participants"."user_id" = 2 AND T4."user_id" = 1) ORDER BY "chat_chatroom"."id" ASC LIMIT 1; args=(2, 1); alias=default
Not Found: /chat/send/wjdwls7883/
(0.000) SELECT "board_post"."id", "board_post"."email", "board_post"."created", "board_post"."modified", "board_post"."title", "board_post"."content", "board_post"."price", "board_post"."region", "board_post"."address", "board_post"."size", "board_post"."direction", "board_post"."availability", "board_post"."floor", "board_post"."apart" FROM "board_post" ORDER BY "board_post"."created" ASC; args=(); alias=default
(0.000) SELECT "board_postimage"."id", "board_postimage"."post_id", "board_postimage"."image" FROM "board_postimage" WHERE "board_postimage"."post_id" = 1; args=(1,); alias=default
(0.000) SELECT "board_postimage"."id", "board_postimage"."post_id", "board_postimage"."image" FROM "board_postimage" WHERE "board_postimage"."post_id" = 2; args=(2,); alias=default
(0.000) SELECT "board_postimage"."id", "board_postimage"."post_id", "board_postimage"."image" FROM "board_postimage" WHERE "board_postimage"."post_id" = 3; args=(3,); alias=default
(0.000) SELECT "board_postimage"."id", "board_postimage"."post_id", "board_postimage"."image" FROM "board_postimage" WHERE "board_postimage"."post_id" = 4; args=(4,); alias=default
(0.000) SELECT "board_postimage"."id", "board_postimage"."post_id", "board_postimage"."image" FROM "board_postimage" WHERE "board_postimage"."post_id" = 5; args=(5,); alias=default
(0.000) SELECT "board_postimage"."id", "board_postimage"."post_id", "board_postimage"."image" FROM "board_postimage" WHERE "board_postimage"."post_id" = 6; args=(6,); alias=default
(0.000) SELECT "board_postimage"."id", "board_postimage"."post_id", "board_postimage"."image" FROM "board_postimage" WHERE "board_postimage"."post_id" = 7; args=(7,); alias=default
(0.000) SELECT "board_postimage"."id", "board_postimage"."post_id", "board_postimage"."image" FROM "board_postimage" WHERE "board_postimage"."post_id" = 8; args=(8,); alias=default
(0.000) SELECT "board_postimage"."id", "board_postimage"."post_id", "board_postimage"."image" FROM "board_postimage" WHERE "board_postimage"."post_id" = 9; args=(9,); alias=default
(0.000) SELECT "board_postimage"."id", "board_postimage"."post_id", "board_postimage"."image" FROM "board_postimage" WHERE "board_postimage"."post_id" = 10; args=(10,); alias=default
(0.000) SELECT "board_post"."id", "board_post"."email", "board_post"."created", "board_post"."modified", "board_post"."title", "board_post"."content", "board_post"."price", "board_post"."region", "board_post"."address", "board_post"."size", "board_post"."direction", "board_post"."availability", "board_post"."floor", "board_post"."apart" FROM "board_post" WHERE "board_post"."id" = 1 LIMIT 21; args=(1,); alias=default
(0.000) SELECT "board_postimage"."id", "board_postimage"."post_id", "board_postimage"."image" FROM "board_postimage" WHERE "board_postimage"."post_id" = 1; args=(1,); alias=default
(0.000) SELECT "login_module_user"."id", "login_module_user"."password", "login_module_user"."last_login", "login_module_user"."is_superuser", "login_module_user"."first_name", "login_module_user"."last_name", "login_module_user"."date_joined", "login_module_user"."name", "login_module_user"."email", "login_module_user"."phone", "login_module_user"."birthyear", "login_module_user"."birthday", "login_module_user"."gender", "login_module_user"."created", "login_module_user"."updated_at", "login_module_user"."is_active", "login_module_user"."is_admin" FROM "login_module_user" WHERE "login_module_user"."id" = 2 LIMIT 21; args=(2,); alias=default
(0.000) SELECT "login_module_user"."id", "login_module_user"."password", "login_module_user"."last_login", "login_module_user"."is_superuser", "login_module_user"."first_name", "login_module_user"."last_name", "login_module_user"."date_joined", "login_module_user"."name", "login_module_user"."email", "login_module_user"."phone", "login_module_user"."birthyear", "login_module_user"."birthday", "login_module_user"."gender", "login_module_user"."created", "login_module_user"."updated_at", "login_module_user"."is_active", "login_module_user"."is_admin" FROM "login_module_user" WHERE "login_module_user"."email" LIKE 'wjdwls7883%' ESCAPE '\' LIMIT 21; args=('wjdwls7883%',); alias=default
(0.000) SELECT DISTINCT "chat_chatroom"."id" FROM "chat_chatroom" INNER JOIN "chat_chatroom_participants" ON ("chat_chatroom"."id" = "chat_chatroom_participants"."chatroom_id") INNER JOIN "chat_chatroom_participants" T4 ON ("chat_chatroom"."id" = T4."chatroom_id") WHERE ("chat_chatroom_participants"."user_id" = 2 AND T4."user_id" = 1) ORDER BY "chat_chatroom"."id" ASC LIMIT 1; args=(2, 1); alias=default
Not Found: /chat/send/wjdwls7883/
